<?xml version="1.0" encoding="UTF-8"?>
<testng-results ignored="0" total="1" passed="1" failed="0" skipped="0">
  <reporter-output>
  </reporter-output>
  <suite started-at="2024-05-30T19:25:18 IST" name="Default suite" finished-at="2024-05-30T19:25:18 IST" duration-ms="583">
    <groups>
      <group name="cucumber">
        <method signature="AbstractTestNGCucumberTests.runScenario(io.cucumber.testng.PickleWrapper,io.cucumber.testng.FeatureWrapper)[pri:0, instance:hudl.RunnerFiles.TestRunner@4082ba93]" name="runScenario" class="io.cucumber.testng.AbstractTestNGCucumberTests"/>
      </group> <!-- cucumber -->
    </groups>
    <test started-at="2024-05-30T19:25:18 IST" name="Default test" finished-at="2024-05-30T19:25:18 IST" duration-ms="583">
      <class name="hudl.RunnerFiles.TestRunner">
        <test-method is-config="true" signature="setUpClass(org.testng.ITestContext)[pri:0, instance:hudl.RunnerFiles.TestRunner@4082ba93]" started-at="2024-05-30T19:25:18 IST" name="setUpClass" finished-at="2024-05-30T19:25:18 IST" duration-ms="419" status="PASS">
          <params>
            <param index="0">
              <value>
                <![CDATA[org.testng.TestRunner@1450078a]]>
              </value>
            </param>
          </params>
          <reporter-output>
          </reporter-output>
        </test-method> <!-- setUpClass -->
        <test-method signature="runScenario(io.cucumber.testng.PickleWrapper,io.cucumber.testng.FeatureWrapper)[pri:0, instance:hudl.RunnerFiles.TestRunner@4082ba93]" started-at="2024-05-30T19:25:18 IST" name="runScenario" description="Runs Cucumber Scenarios" data-provider="scenarios" finished-at="2024-05-30T19:25:18 IST" duration-ms="91" status="PASS">
          <params>
            <param index="0">
              <value>
                <![CDATA["Verify login functionality with valid credentials"]]>
              </value>
            </param>
            <param index="1">
              <value>
                <![CDATA["To verify Login functionality for Hudl"]]>
              </value>
            </param>
          </params>
          <reporter-output>
          </reporter-output>
        </test-method> <!-- runScenario -->
        <test-method is-config="true" signature="tearDownClass()[pri:0, instance:hudl.RunnerFiles.TestRunner@4082ba93]" started-at="2024-05-30T19:25:18 IST" name="tearDownClass" finished-at="2024-05-30T19:25:18 IST" duration-ms="43" status="PASS">
          <reporter-output>
          </reporter-output>
        </test-method> <!-- tearDownClass -->
      </class> <!-- hudl.RunnerFiles.TestRunner -->
    </test> <!-- Default test -->
  </suite> <!-- Default suite -->
</testng-results>
